<?xml version="1.0" encoding="UTF-8" ?>
<testsuite tests="7" failures="0" name="com.mycompany.progtech.LoggerTest" time="0.028" errors="0" skipped="0">
  <properties>
[...]
</properties>
  <testcase classname="com.mycompany.progtech.LoggerTest" name="testSuccessfull" time="0.009"/>
  <testcase classname="com.mycompany.progtech.LoggerTest" name="testFailure" time="0.003"/>
  <testcase classname="com.mycompany.progtech.LoggerTest" name="testStart" time="0.004"/>
  <testcase classname="com.mycompany.progtech.LoggerTest" name="testGarancia" time="0"/>
  <testcase classname="com.mycompany.progtech.LoggerTest" name="testComplete" time="0.003"/>
  <testcase classname="com.mycompany.progtech.LoggerTest" name="testUserAdatok" time="0.009"/>
  <testcase classname="com.mycompany.progtech.LoggerTest" name="testGetInstance" time="0"/>
</testsuite>