<?xml version="1.0" encoding="UTF-8" ?>
<testsuite tests="28" failures="0" name="com.mycompany.progtech.ComputerTest" time="0.02" errors="0" skipped="0">
  <properties>
[...]
</properties>
  <testcase classname="com.mycompany.progtech.ComputerTest" name="testSetTapegysegTeljesitmeny" time="0.018"/>
  <testcase classname="com.mycompany.progtech.ComputerTest" name="testGetHatterTar" time="0"/>
  <testcase classname="com.mycompany.progtech.ComputerTest" name="testGetTapegyseg" time="0"/>
  <testcase classname="com.mycompany.progtech.ComputerTest" name="testSetProcceszor" time="0"/>
  <testcase classname="com.mycompany.progtech.ComputerTest" name="testGetVideoKartyaMeret" time="0"/>
  <testcase classname="com.mycompany.progtech.ComputerTest" name="testGetVideoKartyaTipus" time="0"/>
  <testcase classname="com.mycompany.progtech.ComputerTest" name="testGetTapegysegTeljesitmeny" time="0"/>
  <testcase classname="com.mycompany.progtech.ComputerTest" name="testGetAr" time="0"/>
  <testcase classname="com.mycompany.progtech.ComputerTest" name="testSetAr" time="0"/>
  <testcase classname="com.mycompany.progtech.ComputerTest" name="testSetTapegysegTeljesitmenyWithWrongInput" time="0.001"/>
  <testcase classname="com.mycompany.progtech.ComputerTest" name="testSetRamMeretWithWrongInput" time="0"/>
  <testcase classname="com.mycompany.progtech.ComputerTest" name="testGetAlaplap" time="0"/>
  <testcase classname="com.mycompany.progtech.ComputerTest" name="testSetHatterTar" time="0"/>
  <testcase classname="com.mycompany.progtech.ComputerTest" name="testGetProccesszorHűtő" time="0"/>
  <testcase classname="com.mycompany.progtech.ComputerTest" name="testSetTapegyseg" time="0"/>
  <testcase classname="com.mycompany.progtech.ComputerTest" name="testSetProccesszorHűtő" time="0.001"/>
  <testcase classname="com.mycompany.progtech.ComputerTest" name="testSetAlaplap" time="0"/>
  <testcase classname="com.mycompany.progtech.ComputerTest" name="testSetVideoKartyaMeret" time="0"/>
  <testcase classname="com.mycompany.progtech.ComputerTest" name="testSetVideoKartyaTipus" time="0"/>
  <testcase classname="com.mycompany.progtech.ComputerTest" name="testSetRamMeret" time="0"/>
  <testcase classname="com.mycompany.progtech.ComputerTest" name="testSetRamTipus" time="0"/>
  <testcase classname="com.mycompany.progtech.ComputerTest" name="testSetArWithWrongNumber" time="0"/>
  <testcase classname="com.mycompany.progtech.ComputerTest" name="testGetRamMeret" time="0"/>
  <testcase classname="com.mycompany.progtech.ComputerTest" name="testGetRamTipus" time="0"/>
  <testcase classname="com.mycompany.progtech.ComputerTest" name="testSetVideoKartyaMeretWithWrongInput" time="0"/>
  <testcase classname="com.mycompany.progtech.ComputerTest" name="testSetHazTípus" time="0"/>
  <testcase classname="com.mycompany.progtech.ComputerTest" name="testGetHazTípus" time="0"/>
  <testcase classname="com.mycompany.progtech.ComputerTest" name="testGetProcceszor" time="0"/>
</testsuite>